<?xml version="1.0" encoding="UTF-8"?>
<testsuite xmlns:xsi="http://www.w3.org/2001/XMLSchema-instance" xsi:noNamespaceSchemaLocation="https://maven.apache.org/surefire/maven-surefire-plugin/xsd/surefire-test-report.xsd" version="3.0.2" name="com.demo.CalculatriceTest" time="0.098" tests="4" errors="0" skipped="0" failures="0">
  <properties>
[...]
</properties>
  <testcase name="testSoustraction" classname="com.demo.CalculatriceTest" time="0.006"/>
  <testcase name="testMultiplication" classname="com.demo.CalculatriceTest" time="0.0"/>
  <testcase name="testAddition" classname="com.demo.CalculatriceTest" time="0.0"/>
  <testcase name="testDivision" classname="com.demo.CalculatriceTest" time="0.0"/>
</testsuite>